[2024-08-02 18:28:24.146][INFO ][com.techeer.abandoneddog.AbandoneddogApplication.logStarting:line50] - Starting AbandoneddogApplication using Java 17.0.10 with PID 53707 (/Users/minjeongjun/Programming/abandoneddog/backend/out/production/classes started by minjeongjun in /Users/minjeongjun/Programming/abandoneddog/backend)
[2024-08-02 18:28:24.148][INFO ][com.techeer.abandoneddog.AbandoneddogApplication.logStartupProfileInfo:line660] - The following 1 profile is active: "secret"
[2024-08-02 18:28:25.418][INFO ][org.springframework.data.repository.config.RepositoryConfigurationDelegate.multipleStoresDetected:line292] - Multiple Spring Data modules found, entering strict repository configuration mode
[2024-08-02 18:28:25.422][INFO ][org.springframework.data.repository.config.RepositoryConfigurationDelegate.registerRepositoriesIn:line139] - Bootstrapping Spring Data JPA repositories in DEFAULT mode.
[2024-08-02 18:28:25.581][INFO ][org.springframework.data.repository.config.RepositoryConfigurationDelegate.registerRepositoriesIn:line208] - Finished Spring Data repository scanning in 153 ms. Found 11 JPA repository interfaces.
[2024-08-02 18:28:26.047][INFO ][org.springframework.data.repository.config.RepositoryConfigurationDelegate.multipleStoresDetected:line292] - Multiple Spring Data modules found, entering strict repository configuration mode
[2024-08-02 18:28:26.048][INFO ][org.springframework.data.repository.config.RepositoryConfigurationDelegate.registerRepositoriesIn:line139] - Bootstrapping Spring Data Redis repositories in DEFAULT mode.
[2024-08-02 18:28:26.071][INFO ][org.springframework.data.repository.config.RepositoryConfigurationExtensionSupport.isStrictRepositoryCandidate:line320] - Spring Data Redis - Could not safely identify store assignment for repository candidate interface com.techeer.abandoneddog.animal.repository.PetInfoRepository; If you want this repository to be a Redis repository, consider annotating your entities with one of these annotations: org.springframework.data.redis.core.RedisHash (preferred), or consider extending one of the following types with your repository: org.springframework.data.keyvalue.repository.KeyValueRepository
[2024-08-02 18:28:26.071][INFO ][org.springframework.data.repository.config.RepositoryConfigurationExtensionSupport.isStrictRepositoryCandidate:line320] - Spring Data Redis - Could not safely identify store assignment for repository candidate interface com.techeer.abandoneddog.bookmark.repository.BookmarkRepository; If you want this repository to be a Redis repository, consider annotating your entities with one of these annotations: org.springframework.data.redis.core.RedisHash (preferred), or consider extending one of the following types with your repository: org.springframework.data.keyvalue.repository.KeyValueRepository
[2024-08-02 18:28:26.071][INFO ][org.springframework.data.repository.config.RepositoryConfigurationExtensionSupport.isStrictRepositoryCandidate:line320] - Spring Data Redis - Could not safely identify store assignment for repository candidate interface com.techeer.abandoneddog.chatting.repository.ChatRoomRepository; If you want this repository to be a Redis repository, consider annotating your entities with one of these annotations: org.springframework.data.redis.core.RedisHash (preferred), or consider extending one of the following types with your repository: org.springframework.data.keyvalue.repository.KeyValueRepository
[2024-08-02 18:28:26.072][INFO ][org.springframework.data.repository.config.RepositoryConfigurationExtensionSupport.isStrictRepositoryCandidate:line320] - Spring Data Redis - Could not safely identify store assignment for repository candidate interface com.techeer.abandoneddog.chatting.repository.MessageRepository; If you want this repository to be a Redis repository, consider annotating your entities with one of these annotations: org.springframework.data.redis.core.RedisHash (preferred), or consider extending one of the following types with your repository: org.springframework.data.keyvalue.repository.KeyValueRepository
[2024-08-02 18:28:26.072][INFO ][org.springframework.data.repository.config.RepositoryConfigurationExtensionSupport.isStrictRepositoryCandidate:line320] - Spring Data Redis - Could not safely identify store assignment for repository candidate interface com.techeer.abandoneddog.chatting.repository.UsersChatRoomRepository; If you want this repository to be a Redis repository, consider annotating your entities with one of these annotations: org.springframework.data.redis.core.RedisHash (preferred), or consider extending one of the following types with your repository: org.springframework.data.keyvalue.repository.KeyValueRepository
[2024-08-02 18:28:26.072][INFO ][org.springframework.data.repository.config.RepositoryConfigurationExtensionSupport.isStrictRepositoryCandidate:line320] - Spring Data Redis - Could not safely identify store assignment for repository candidate interface com.techeer.abandoneddog.funeral.repository.PetFuneralRespository; If you want this repository to be a Redis repository, consider annotating your entities with one of these annotations: org.springframework.data.redis.core.RedisHash (preferred), or consider extending one of the following types with your repository: org.springframework.data.keyvalue.repository.KeyValueRepository
[2024-08-02 18:28:26.072][INFO ][org.springframework.data.repository.config.RepositoryConfigurationExtensionSupport.isStrictRepositoryCandidate:line320] - Spring Data Redis - Could not safely identify store assignment for repository candidate interface com.techeer.abandoneddog.image.repository.ImageRepository; If you want this repository to be a Redis repository, consider annotating your entities with one of these annotations: org.springframework.data.redis.core.RedisHash (preferred), or consider extending one of the following types with your repository: org.springframework.data.keyvalue.repository.KeyValueRepository
[2024-08-02 18:28:26.073][INFO ][org.springframework.data.repository.config.RepositoryConfigurationExtensionSupport.isStrictRepositoryCandidate:line320] - Spring Data Redis - Could not safely identify store assignment for repository candidate interface com.techeer.abandoneddog.pet_board.repository.PetBoardRepository; If you want this repository to be a Redis repository, consider annotating your entities with one of these annotations: org.springframework.data.redis.core.RedisHash (preferred), or consider extending one of the following types with your repository: org.springframework.data.keyvalue.repository.KeyValueRepository
[2024-08-02 18:28:26.073][INFO ][org.springframework.data.repository.config.RepositoryConfigurationExtensionSupport.isStrictRepositoryCandidate:line320] - Spring Data Redis - Could not safely identify store assignment for repository candidate interface com.techeer.abandoneddog.shelter.repository.ShelterRepository; If you want this repository to be a Redis repository, consider annotating your entities with one of these annotations: org.springframework.data.redis.core.RedisHash (preferred), or consider extending one of the following types with your repository: org.springframework.data.keyvalue.repository.KeyValueRepository
[2024-08-02 18:28:26.073][INFO ][org.springframework.data.repository.config.RepositoryConfigurationExtensionSupport.isStrictRepositoryCandidate:line320] - Spring Data Redis - Could not safely identify store assignment for repository candidate interface com.techeer.abandoneddog.users.repository.RefreshRepository; If you want this repository to be a Redis repository, consider annotating your entities with one of these annotations: org.springframework.data.redis.core.RedisHash (preferred), or consider extending one of the following types with your repository: org.springframework.data.keyvalue.repository.KeyValueRepository
[2024-08-02 18:28:26.073][INFO ][org.springframework.data.repository.config.RepositoryConfigurationExtensionSupport.isStrictRepositoryCandidate:line320] - Spring Data Redis - Could not safely identify store assignment for repository candidate interface com.techeer.abandoneddog.users.repository.UserRepository; If you want this repository to be a Redis repository, consider annotating your entities with one of these annotations: org.springframework.data.redis.core.RedisHash (preferred), or consider extending one of the following types with your repository: org.springframework.data.keyvalue.repository.KeyValueRepository
[2024-08-02 18:28:26.073][INFO ][org.springframework.data.repository.config.RepositoryConfigurationDelegate.registerRepositoriesIn:line208] - Finished Spring Data repository scanning in 21 ms. Found 0 Redis repository interfaces.
[2024-08-02 18:28:26.945][INFO ][org.springframework.boot.web.embedded.tomcat.TomcatWebServer.initialize:line109] - Tomcat initialized with port 8080 (http)
[2024-08-02 18:28:26.952][INFO ][org.apache.catalina.core.StandardService.log:line173] - Starting service [Tomcat]
[2024-08-02 18:28:26.953][INFO ][org.apache.catalina.core.StandardEngine.log:line173] - Starting Servlet engine: [Apache Tomcat/10.1.19]
[2024-08-02 18:28:27.037][INFO ][org.apache.catalina.core.ContainerBase.[Tomcat].[localhost].[/].log:line173] - Initializing Spring embedded WebApplicationContext
[2024-08-02 18:28:27.037][INFO ][org.springframework.boot.web.servlet.context.ServletWebServerApplicationContext.prepareWebApplicationContext:line296] - Root WebApplicationContext: initialization completed in 2824 ms
[2024-08-02 18:28:27.421][INFO ][org.hibernate.jpa.internal.util.LogHelper.logPersistenceUnitInformation:line31] - HHH000204: Processing PersistenceUnitInfo [name: default]
[2024-08-02 18:28:27.458][INFO ][org.hibernate.Version.logVersion:line44] - HHH000412: Hibernate ORM core version 6.4.4.Final
[2024-08-02 18:28:27.485][INFO ][org.hibernate.cache.internal.RegionFactoryInitiator.initiateService:line50] - HHH000026: Second-level cache disabled
[2024-08-02 18:28:27.695][INFO ][org.springframework.orm.jpa.persistenceunit.SpringPersistenceUnitInfo.addTransformer:line87] - No LoadTimeWeaver setup: ignoring JPA class transformer
[2024-08-02 18:28:27.734][INFO ][com.zaxxer.hikari.HikariDataSource.getConnection:line110] - HikariPool-1 - Starting...
[2024-08-02 18:28:27.882][INFO ][com.zaxxer.hikari.pool.HikariPool.checkFailFast:line565] - HikariPool-1 - Added connection com.mysql.cj.jdbc.ConnectionImpl@47c356e
[2024-08-02 18:28:27.884][INFO ][com.zaxxer.hikari.HikariDataSource.getConnection:line123] - HikariPool-1 - Start completed.
[2024-08-02 18:28:28.010][WARN ][org.hibernate.orm.deprecation.constructDialect:line153] - HHH90000025: MySQLDialect does not need to be specified explicitly using 'hibernate.dialect' (remove the property setting and it will be selected by default)
[2024-08-02 18:28:29.076][INFO ][org.hibernate.engine.transaction.jta.platform.internal.JtaPlatformInitiator.initiateService:line58] - HHH000489: No JTA platform available (set 'hibernate.transaction.jta.platform' to enable JTA platform integration)
[2024-08-02 18:28:29.259][INFO ][org.springframework.orm.jpa.LocalContainerEntityManagerFactoryBean.buildNativeEntityManagerFactory:line437] - Initialized JPA EntityManagerFactory for persistence unit 'default'
[2024-08-02 18:28:29.614][INFO ][org.springframework.data.jpa.repository.query.QueryEnhancerFactory.<clinit>:line49] - Hibernate is in classpath; If applicable, HQL parser will be used.
[2024-08-02 18:28:31.264][WARN ][org.springframework.boot.autoconfigure.orm.jpa.JpaBaseConfiguration$JpaWebConfiguration.openEntityManagerInViewInterceptor:line232] - spring.jpa.open-in-view is enabled by default. Therefore, database queries may be performed during view rendering. Explicitly configure spring.jpa.open-in-view to disable this warning
[2024-08-02 18:28:32.410][INFO ][org.springframework.boot.actuate.endpoint.web.EndpointLinksResolver.<init>:line58] - Exposing 15 endpoint(s) beneath base path '/actuator'
[2024-08-02 18:28:32.466][INFO ][org.springframework.security.web.DefaultSecurityFilterChain.<init>:line54] - Will secure any request with [org.springframework.security.web.session.DisableEncodeUrlFilter@269bf0ac, org.springframework.security.web.context.request.async.WebAsyncManagerIntegrationFilter@47a0e73, org.springframework.security.web.context.SecurityContextHolderFilter@7d2b2f3a, org.springframework.security.web.header.HeaderWriterFilter@58f252fe, org.springframework.web.filter.CorsFilter@70f98f7a, com.techeer.abandoneddog.users.jwt.CustomLogoutFilter@66e81cdd, org.springframework.security.web.authentication.logout.LogoutFilter@6bf597a9, org.springframework.web.filter.CorsFilter@70f98f7a, com.techeer.abandoneddog.users.jwt.JWTFilter@10f868dd, com.techeer.abandoneddog.users.jwt.LoginFilter@691ff4fe, org.springframework.security.web.savedrequest.RequestCacheAwareFilter@7ef4f2b0, org.springframework.security.web.servletapi.SecurityContextHolderAwareRequestFilter@7c394b55, org.springframework.security.web.authentication.AnonymousAuthenticationFilter@3d426638, org.springframework.security.web.session.SessionManagementFilter@49c50140, org.springframework.security.web.access.ExceptionTranslationFilter@2e178fb6, org.springframework.security.web.access.intercept.AuthorizationFilter@5284d7f2]
[2024-08-02 18:28:33.293][INFO ][org.springframework.boot.web.embedded.tomcat.TomcatWebServer.start:line241] - Tomcat started on port 8080 (http) with context path ''
[2024-08-02 18:28:33.305][INFO ][org.springframework.messaging.simp.broker.SimpleBrokerMessageHandler.info:line117] - Starting...
[2024-08-02 18:28:33.307][INFO ][org.springframework.messaging.simp.broker.SimpleBrokerMessageHandler.info:line117] - BrokerAvailabilityEvent[available=true, SimpleBrokerMessageHandler [org.springframework.messaging.simp.broker.DefaultSubscriptionRegistry@2232c745]]
[2024-08-02 18:28:33.308][INFO ][org.springframework.messaging.simp.broker.SimpleBrokerMessageHandler.info:line117] - Started.
[2024-08-02 18:28:34.940][INFO ][com.techeer.abandoneddog.AbandoneddogApplication.logStarted:line56] - Started AbandoneddogApplication in 11.414 seconds (process running for 12.567)
[2024-08-02 18:28:35.253][INFO ][com.techeer.abandoneddog.animal.service.PetInfoService.updatePetInfoDaily:line241] - Initialized existing desertion numbers
[2024-08-02 18:28:40.998][INFO ][com.techeer.abandoneddog.animal.service.PetInfoService.savePetInfoFromApiResponse:line198] - Saved 0 new pet information to the database.
[2024-08-02 18:28:43.624][INFO ][org.apache.catalina.core.ContainerBase.[Tomcat].[localhost].[/].log:line173] - Initializing Spring DispatcherServlet 'dispatcherServlet'
[2024-08-02 18:28:43.626][INFO ][org.springframework.web.servlet.DispatcherServlet.initServletBean:line532] - Initializing Servlet 'dispatcherServlet'
[2024-08-02 18:28:43.664][INFO ][org.springframework.web.servlet.DispatcherServlet.initServletBean:line554] - Completed initialization in 37 ms
[2024-08-02 18:28:47.394][INFO ][com.techeer.abandoneddog.animal.service.PetInfoService.savePetInfoFromApiResponse:line198] - Saved 0 new pet information to the database.
[2024-08-02 18:28:51.866][INFO ][com.techeer.abandoneddog.animal.service.PetInfoService.savePetInfoFromApiResponse:line198] - Saved 0 new pet information to the database.
[2024-08-02 18:28:52.105][INFO ][com.techeer.abandoneddog.animal.service.PetInfoService.getAllAndSaveInfo:line108] - Total count: 2106
[2024-08-02 18:29:01.179][INFO ][com.techeer.abandoneddog.animal.service.PetInfoService.savePetInfoFromApiResponse:line198] - Saved 0 new pet information to the database.
[2024-08-02 18:29:01.345][INFO ][com.techeer.abandoneddog.animal.service.PetInfoService.getAllAndSaveInfo:line108] - Total count: 995
[2024-08-02 18:29:01.354][INFO ][com.techeer.abandoneddog.animal.service.PetInfoService.updatePetInfoDaily:line254] - Saved update scheduler
[2024-08-02 18:29:33.427][INFO ][org.springframework.web.socket.config.WebSocketMessageBrokerStats.lambda$initLoggingTask$0:line154] - WebSocketSession[0 current WS(0)-HttpStream(0)-HttpPoll(0), 0 total, 0 closed abnormally (0 connect failure, 0 send limit, 0 transport error)], stompSubProtocol[processed CONNECT(0)-CONNECTED(0)-DISCONNECT(0)], stompBrokerRelay[null], inboundChannel[pool size = 0, active threads = 0, queued tasks = 0, completed tasks = 0], outboundChannel[pool size = 0, active threads = 0, queued tasks = 0, completed tasks = 0], sockJsScheduler[pool size = 6, active threads = 1, queued tasks = 3, completed tasks = 2]
[2024-08-02 18:34:13.440][INFO ][org.springframework.messaging.simp.broker.SimpleBrokerMessageHandler.info:line117] - Stopping...
[2024-08-02 18:34:13.458][INFO ][org.springframework.messaging.simp.broker.SimpleBrokerMessageHandler.info:line117] - BrokerAvailabilityEvent[available=false, SimpleBrokerMessageHandler [org.springframework.messaging.simp.broker.DefaultSubscriptionRegistry@2232c745]]
[2024-08-02 18:34:13.459][INFO ][org.springframework.messaging.simp.broker.SimpleBrokerMessageHandler.info:line117] - Stopped.
[2024-08-02 18:34:14.041][INFO ][org.springframework.orm.jpa.LocalContainerEntityManagerFactoryBean.destroy:line650] - Closing JPA EntityManagerFactory for persistence unit 'default'
[2024-08-02 18:34:14.102][INFO ][com.zaxxer.hikari.HikariDataSource.close:line350] - HikariPool-1 - Shutdown initiated...
[2024-08-02 18:34:14.177][INFO ][com.zaxxer.hikari.HikariDataSource.close:line352] - HikariPool-1 - Shutdown completed.
